<?xml version="1.0" encoding="UTF-8"?>
<testSuite name="Compaction"
    xmlns="http://www.sun.com/japex/testSuite"
    xmlns:xi="http://www.w3.org/2001/XInclude">

    <param name="japex.warmupIterations" value="0"/>
    <param name="japex.runTime" value="1"/>
    <param name="japex.resultUnit" value="ms"/>

    <param name="org.w3c.exi.ttf.measurementProperty"
	value="decode"/>

    <param name="org.w3c.exi.ttf.dataSourceSink.URI" value="memory:/"/>


    <xi:include href="property/x694per-processing.xml"/>
    <xi:include href="../../../config/testCases/ant.xml"/>
</testSuite>
